----------------------------------------------------------------
Sat Apr 21 11:02:08 EDT 2018:
Booting Derby version The Apache Software Foundation - Apache Derby - 10.14.1.0 - (1808820): instance a816c00e-0162-e8ba-0660-000019faf590 
on database directory /mnt/data/reportTmp/persistence674243743324741053.db with class loader sun.misc.Launcher$AppClassLoader@18b4aac2 
Loaded from file:/home/marian/.ivy2/cache/org.apache.derby/derby/jars/derby-10.14.1.0.jar
java.vendor=Oracle Corporation
java.runtime.version=1.8.0_151-b12
user.dir=/home/marian/workspace/ReactiveReports
os.name=Linux
os.arch=amd64
os.version=4.15.17-300.fc27.x86_64
derby.system.home=null
Database Class Loader started - derby.database.classpath=''
----------------------------------------------------------------
Sat Apr 21 11:02:15 EDT 2018:
Booting Derby version The Apache Software Foundation - Apache Derby - 10.14.1.0 - (1808820): instance 67bb80b4-0162-e8ba-0660-000019faf590 
on database directory /mnt/data/reportTmp/persistence1371066360145995441.db with class loader sun.misc.Launcher$AppClassLoader@18b4aac2 
Loaded from file:/home/marian/.ivy2/cache/org.apache.derby/derby/jars/derby-10.14.1.0.jar
java.vendor=Oracle Corporation
java.runtime.version=1.8.0_151-b12
user.dir=/home/marian/workspace/ReactiveReports
os.name=Linux
os.arch=amd64
os.version=4.15.17-300.fc27.x86_64
derby.system.home=null
Database Class Loader started - derby.database.classpath=''
